<?xml version="1.0" encoding="UTF-8"?>
<!-- Generated by org.testng.reporters.JUnitReportReporter -->
<testsuite hostname="Laptop-Christian" failures="0" tests="4" name="Test.CalculationTest" time="0.017" errors="0" timestamp="2024-02-06T10:03:06 MEZ" skipped="0">
  <testcase classname="Test.CalculationTest" name="testCube" time="0.002"/>
  <system-out/>
  <testcase classname="Test.CalculationTest" name="FindMax" time="0.012"/>
  <system-out/>
  <testcase classname="Test.CalculationTest" name="testReverseWord" time="0.002"/>
  <system-out/>
  <testcase classname="Test.CalculationTest" name="testToThePowerOf" time="0.001"/>
  <system-out/>
</testsuite> <!-- Test.CalculationTest -->
