<?xml version="1.0" encoding="UTF-8"?>
<!-- Generated by org.testng.reporters.JUnitReportReporter -->
<testsuite hostname="Laptop-Christian" failures="0" tests="4" name="Test.CalculationTest" time="0.039" errors="0" timestamp="2024-02-05T13:23:59 MEZ" skipped="0">
  <testcase classname="Test.CalculationTest" name="testReverseWord" time="0.002"/>
  <system-out/>
  <testcase classname="Test.CalculationTest" name="testToThePowerOf" time="0.004"/>
  <system-out/>
  <testcase classname="Test.CalculationTest" name="FindMax" time="0.031"/>
  <system-out/>
  <testcase classname="Test.CalculationTest" name="testCube" time="0.002"/>
  <system-out/>
</testsuite> <!-- Test.CalculationTest -->
