<?xml version="1.0" encoding="UTF-8"?>
<!-- Generated by org.testng.reporters.JUnitReportReporter -->
<testsuite hostname="Laptop-Christian" failures="0" tests="6" name="formsTesting.CircleTest" time="0.023" errors="0" timestamp="2024-01-16T10:06:02 MEZ" skipped="0">
  <testcase classname="formsTesting.CircleTest" name="testCircumference" time="0.002"/>
  <system-out/>
  <testcase classname="formsTesting.CircleTest" name="testAreaAtMinus" time="0.002"/>
  <system-out/>
  <testcase classname="formsTesting.CircleTest" name="testCircumferenceAt0" time="0.002"/>
  <system-out/>
  <testcase classname="formsTesting.CircleTest" name="testAreaAt0" time="0.001"/>
  <system-out/>
  <testcase classname="formsTesting.CircleTest" name="testArea" time="0.015"/>
  <system-out/>
  <testcase classname="formsTesting.CircleTest" name="testCircumferenceAtMinus" time="0.001"/>
  <system-out/>
</testsuite> <!-- formsTesting.CircleTest -->
