<?xml version="1.0" encoding="UTF-8"?>
<!-- Generated by org.testng.reporters.JUnitReportReporter -->
<testsuite hostname="Laptop-Christian" failures="0" tests="6" name="formsTesting.RectangleTest" time="0.024" errors="0" timestamp="2024-01-16T10:05:55 MEZ" skipped="0">
  <testcase classname="formsTesting.RectangleTest" name="testCircumference" time="0.001"/>
  <system-out/>
  <testcase classname="formsTesting.RectangleTest" name="testAreaAtMinus" time="0.002"/>
  <system-out/>
  <testcase classname="formsTesting.RectangleTest" name="testCircumferenceAt0" time="0.001"/>
  <system-out/>
  <testcase classname="formsTesting.RectangleTest" name="testAreaAt0" time="0.002"/>
  <system-out/>
  <testcase classname="formsTesting.RectangleTest" name="testArea" time="0.016"/>
  <system-out/>
  <testcase classname="formsTesting.RectangleTest" name="testCircumferenceAtMinus" time="0.002"/>
  <system-out/>
</testsuite> <!-- formsTesting.RectangleTest -->
