<?xml version="1.0" encoding="UTF-8"?>
<!-- Generated by org.testng.reporters.JUnitReportReporter -->
<testsuite hostname="Laptop-Christian" failures="0" tests="4" name="formsTesting.GroupTest" time="0.019" errors="0" timestamp="2024-01-16T10:25:12 MEZ" skipped="0">
  <testcase classname="formsTesting.GroupTest" name="testFindBiggestForm" time="0.002"/>
  <system-out/>
  <testcase classname="formsTesting.GroupTest" name="testArea" time="0.012"/>
  <system-out/>
  <testcase classname="formsTesting.GroupTest" name="testCircumference" time="0.002"/>
  <system-out/>
  <testcase classname="formsTesting.GroupTest" name="testPrintAll" time="0.003"/>
  <system-out/>
</testsuite> <!-- formsTesting.GroupTest -->
