<?xml version="1.0" encoding="UTF-8"?>
<!-- Generated by org.testng.reporters.JUnitReportReporter -->
<testsuite hostname="Laptop-Christian" failures="0" tests="6" name="formsTesting.TriangleTest" time="0.035" errors="0" timestamp="2024-01-20T23:59:13 MEZ" skipped="0">
  <testcase classname="formsTesting.TriangleTest" name="testCircumference" time="0.002"/>
  <system-out/>
  <testcase classname="formsTesting.TriangleTest" name="testAreaAtMinus" time="0.002"/>
  <system-out/>
  <testcase classname="formsTesting.TriangleTest" name="testCircumferenceAt0" time="0.002"/>
  <system-out/>
  <testcase classname="formsTesting.TriangleTest" name="testAreaAt0" time="0.002"/>
  <system-out/>
  <testcase classname="formsTesting.TriangleTest" name="testArea" time="0.024"/>
  <system-out/>
  <testcase classname="formsTesting.TriangleTest" name="testCircumferenceAtMinus" time="0.003"/>
  <system-out/>
</testsuite> <!-- formsTesting.TriangleTest -->
