<?xml version="1.0" encoding="UTF-8"?>
<!-- Generated by org.testng.reporters.JUnitReportReporter -->
<testsuite hostname="Laptop-Christian" failures="0" tests="6" name="formsTesting.SquareTest" time="0.021" errors="0" timestamp="2024-01-16T10:05:01 MEZ" skipped="0">
  <testcase classname="formsTesting.SquareTest" name="testCircumference" time="0.001"/>
  <system-out/>
  <testcase classname="formsTesting.SquareTest" name="testAreaAtMinus" time="0.001"/>
  <system-out/>
  <testcase classname="formsTesting.SquareTest" name="testCircumferenceAt0" time="0.001"/>
  <system-out/>
  <testcase classname="formsTesting.SquareTest" name="testAreaAt0" time="0.002"/>
  <system-out/>
  <testcase classname="formsTesting.SquareTest" name="testArea" time="0.014"/>
  <system-out/>
  <testcase classname="formsTesting.SquareTest" name="testCircumferenceAtMinus" time="0.002"/>
  <system-out/>
</testsuite> <!-- formsTesting.SquareTest -->
